Building DAG of jobs...
Using shell: /bin/bash
Provided cores: 4
Rules claiming more threads will be scaled down.
Job stats:
job                  count    min threads    max threads
-----------------  -------  -------------  -------------
all                      1              1              1
filter_alignments        2              1              1
read_to_frag_bed         2              1              1
total                    5              1              1

Resources before job selection: {'_cores': 4, '_nodes': 9223372036854775807}
Ready jobs (2):
	filter_alignments
	filter_alignments
Select jobs to execute...
Selected jobs (2):
	filter_alignments
	filter_alignments
Resources after job selection: {'_cores': 2, '_nodes': 9223372036854775805}

[Thu Aug 25 16:11:26 2022]
rule filter_alignments:
    input: test/bam/raw/lib002.bam, test/inputs/keep.bed
    output: test/bam/frag/lib002_filt.bam
    jobid: 2
    wildcards: library_id=lib002
    resources: tmpdir=/tmp, mem_mb=5000

Full Traceback (most recent call last):
  File "/opt/miniconda3/envs/snakemake/lib/python3.9/site-packages/snakemake/utils.py", line 427, in format
    return fmt.format(_pattern, *args, **variables)
  File "/opt/miniconda3/envs/snakemake/lib/python3.9/string.py", line 161, in format
    return self.vformat(format_string, args, kwargs)
  File "/opt/miniconda3/envs/snakemake/lib/python3.9/string.py", line 165, in vformat
    result, _ = self._vformat(format_string, args, kwargs, used_args, 2)
  File "/opt/miniconda3/envs/snakemake/lib/python3.9/string.py", line 205, in _vformat
    obj, arg_used = self.get_field(field_name, args, kwargs)
  File "/opt/miniconda3/envs/snakemake/lib/python3.9/string.py", line 270, in get_field
    obj = self.get_value(first, args, kwargs)
  File "/opt/miniconda3/envs/snakemake/lib/python3.9/string.py", line 227, in get_value
    return kwargs[key]
KeyError: 'prarms'

During handling of the above exception, another exception occurred:

Traceback (most recent call last):
  File "/opt/miniconda3/envs/snakemake/lib/python3.9/site-packages/snakemake/jobs.py", line 852, in format_wildcards
    return format(string, **_variables)
  File "/opt/miniconda3/envs/snakemake/lib/python3.9/site-packages/snakemake/utils.py", line 434, in format
    raise NameError(
NameError: The name 'prarms' is unknown in this context. Please make sure that you defined that variable. Also note that braces not used for variable access have to be escaped by repeating them, i.e. {{print $1}}

During handling of the above exception, another exception occurred:

Traceback (most recent call last):
  File "/opt/miniconda3/envs/snakemake/lib/python3.9/site-packages/snakemake/__init__.py", line 696, in snakemake
    success = workflow.execute(
  File "/opt/miniconda3/envs/snakemake/lib/python3.9/site-packages/snakemake/workflow.py", line 1054, in execute
    success = scheduler.schedule()
  File "/opt/miniconda3/envs/snakemake/lib/python3.9/site-packages/snakemake/scheduler.py", line 501, in schedule
    self.run(runjobs)
  File "/opt/miniconda3/envs/snakemake/lib/python3.9/site-packages/snakemake/scheduler.py", line 518, in run
    executor.run_jobs(
  File "/opt/miniconda3/envs/snakemake/lib/python3.9/site-packages/snakemake/executors/__init__.py", line 149, in run_jobs
    self.run(
  File "/opt/miniconda3/envs/snakemake/lib/python3.9/site-packages/snakemake/executors/__init__.py", line 463, in run
    super()._run(job)
  File "/opt/miniconda3/envs/snakemake/lib/python3.9/site-packages/snakemake/executors/__init__.py", line 243, in _run
    super()._run(job)
  File "/opt/miniconda3/envs/snakemake/lib/python3.9/site-packages/snakemake/executors/__init__.py", line 169, in _run
    self.printjob(job)
  File "/opt/miniconda3/envs/snakemake/lib/python3.9/site-packages/snakemake/executors/__init__.py", line 175, in printjob
    job.log_info(skip_dynamic=True)
  File "/opt/miniconda3/envs/snakemake/lib/python3.9/site-packages/snakemake/jobs.py", line 933, in log_info
    logger.shellcmd(self.shellcmd, indent=indent)
  File "/opt/miniconda3/envs/snakemake/lib/python3.9/site-packages/snakemake/jobs.py", line 417, in shellcmd
    self.format_wildcards(self.rule.shellcmd)
  File "/opt/miniconda3/envs/snakemake/lib/python3.9/site-packages/snakemake/jobs.py", line 854, in format_wildcards
    raise RuleException("NameError: " + str(ex), rule=self.rule)
snakemake.exceptions.RuleException: NameError: The name 'prarms' is unknown in this context. Please make sure that you defined that variable. Also note that braces not used for variable access have to be escaped by repeating them, i.e. {{print $1}}

RuleException in line 1 of /home/jeszyman/repos/cfdna-frag/workflow/frag_bed.smk:
NameError: The name 'prarms' is unknown in this context. Please make sure that you defined that variable. Also note that braces not used for variable access have to be escaped by repeating them, i.e. {{print $1}}
unlocking
removing lock
removing lock
removed all locks
